2019-04-24 23:38:50.008 INFO [main]edu.uni.labManagement.service.impl.testImplTest.logStarting:50 -Starting testImplTest on sola with PID 10408 (started by Administrator in E:\JavaWeb\uniProject\uniProject\uni)
2019-04-24 23:38:50.008 INFO [main]edu.uni.labManagement.service.impl.testImplTest.logStartupProfileInfo:675 -No active profile set, falling back to default profiles: default
2019-04-24 23:38:52.054 INFO [main]o.s.d.repository.config.RepositoryConfigurationDelegate.multipleStoresDetected:244 -Multiple Spring Data modules found, entering strict repository configuration mode!
2019-04-24 23:38:52.054 INFO [main]o.s.d.repository.config.RepositoryConfigurationDelegate.registerRepositoriesIn:126 -Bootstrapping Spring Data repositories in DEFAULT mode.
2019-04-24 23:38:52.173 INFO [main]o.s.d.repository.config.RepositoryConfigurationDelegate.registerRepositoriesIn:182 -Finished Spring Data repository scanning in 71ms. Found 0 repository interfaces.
2019-04-24 23:38:52.728 INFO [main]o.s.c.s.PostProcessorRegistrationDelegate$BeanPostProcessorChecker.postProcessAfterInitialization:330 -Bean 'druidConfiguration' of type [edu.uni.config.DruidConfiguration$$EnhancerBySpringCGLIB$$8eaa35d2] is not eligible for getting processed by all BeanPostProcessors (for example: not eligible for auto-proxying)
2019-04-24 23:38:52.818 INFO [main]o.s.c.s.PostProcessorRegistrationDelegate$BeanPostProcessorChecker.postProcessAfterInitialization:330 -Bean 'org.springframework.transaction.annotation.ProxyTransactionManagementConfiguration' of type [org.springframework.transaction.annotation.ProxyTransactionManagementConfiguration$$EnhancerBySpringCGLIB$$b3b08d83] is not eligible for getting processed by all BeanPostProcessors (for example: not eligible for auto-proxying)
2019-04-24 23:38:54.444 WARN [main]o.s.web.context.support.GenericWebApplicationContext.refresh:557 -Exception encountered during context initialization - cancelling refresh attempt: org.springframework.beans.factory.UnsatisfiedDependencyException: Error creating bean with name 'ttestImpl': Unsatisfied dependency expressed through field 'deviceMapper'; nested exception is org.springframework.beans.factory.NoSuchBeanDefinitionException: No qualifying bean of type 'edu.uni.labManagement.mapper.DeviceMapper' available: expected at least 1 bean which qualifies as autowire candidate. Dependency annotations: {@org.springframework.beans.factory.annotation.Autowired(required=true)}
2019-04-24 23:38:54.510 INFO [main]o.s.b.a.logging.ConditionEvaluationReportLoggingListener.logMessage:142 -

Error starting ApplicationContext. To display the conditions report re-run your application with 'debug' enabled.
2019-04-24 23:40:00.752 INFO [main]edu.uni.labManagement.service.impl.testImplTest.logStarting:50 -Starting testImplTest on sola with PID 10384 (started by Administrator in E:\JavaWeb\uniProject\uniProject\uni)
2019-04-24 23:40:00.753 INFO [main]edu.uni.labManagement.service.impl.testImplTest.logStartupProfileInfo:675 -No active profile set, falling back to default profiles: default
2019-04-24 23:40:02.523 INFO [main]o.s.d.repository.config.RepositoryConfigurationDelegate.multipleStoresDetected:244 -Multiple Spring Data modules found, entering strict repository configuration mode!
2019-04-24 23:40:02.523 INFO [main]o.s.d.repository.config.RepositoryConfigurationDelegate.registerRepositoriesIn:126 -Bootstrapping Spring Data repositories in DEFAULT mode.
2019-04-24 23:40:02.618 INFO [main]o.s.d.repository.config.RepositoryConfigurationDelegate.registerRepositoriesIn:182 -Finished Spring Data repository scanning in 74ms. Found 0 repository interfaces.
2019-04-24 23:40:03.023 INFO [main]o.s.c.s.PostProcessorRegistrationDelegate$BeanPostProcessorChecker.postProcessAfterInitialization:330 -Bean 'druidConfiguration' of type [edu.uni.config.DruidConfiguration$$EnhancerBySpringCGLIB$$869da58f] is not eligible for getting processed by all BeanPostProcessors (for example: not eligible for auto-proxying)
2019-04-24 23:40:03.120 INFO [main]o.s.c.s.PostProcessorRegistrationDelegate$BeanPostProcessorChecker.postProcessAfterInitialization:330 -Bean 'org.springframework.transaction.annotation.ProxyTransactionManagementConfiguration' of type [org.springframework.transaction.annotation.ProxyTransactionManagementConfiguration$$EnhancerBySpringCGLIB$$aba3fd40] is not eligible for getting processed by all BeanPostProcessors (for example: not eligible for auto-proxying)
2019-04-24 23:40:04.675 WARN [main]o.s.web.context.support.GenericWebApplicationContext.refresh:557 -Exception encountered during context initialization - cancelling refresh attempt: org.springframework.beans.factory.UnsatisfiedDependencyException: Error creating bean with name 'ttestImpl': Unsatisfied dependency expressed through field 'deviceMapper'; nested exception is org.springframework.beans.factory.NoSuchBeanDefinitionException: No qualifying bean of type 'edu.uni.labManagement.mapper.DeviceMapper' available: expected at least 1 bean which qualifies as autowire candidate. Dependency annotations: {@org.springframework.beans.factory.annotation.Autowired(required=true)}
2019-04-24 23:40:04.718 INFO [main]o.s.b.a.logging.ConditionEvaluationReportLoggingListener.logMessage:142 -

Error starting ApplicationContext. To display the conditions report re-run your application with 'debug' enabled.
2019-04-24 23:45:10.080 INFO [main]edu.uni.labManagement.service.impl.testImplTest.logStarting:50 -Starting testImplTest on sola with PID 11576 (started by Administrator in E:\JavaWeb\uniProject\uniProject\uni)
2019-04-24 23:45:10.080 INFO [main]edu.uni.labManagement.service.impl.testImplTest.logStartupProfileInfo:675 -No active profile set, falling back to default profiles: default
2019-04-24 23:45:11.659 INFO [main]o.s.d.repository.config.RepositoryConfigurationDelegate.multipleStoresDetected:244 -Multiple Spring Data modules found, entering strict repository configuration mode!
2019-04-24 23:45:11.674 INFO [main]o.s.d.repository.config.RepositoryConfigurationDelegate.registerRepositoriesIn:126 -Bootstrapping Spring Data repositories in DEFAULT mode.
2019-04-24 23:45:11.762 INFO [main]o.s.d.repository.config.RepositoryConfigurationDelegate.registerRepositoriesIn:182 -Finished Spring Data repository scanning in 50ms. Found 0 repository interfaces.
2019-04-24 23:45:12.107 INFO [main]o.s.c.s.PostProcessorRegistrationDelegate$BeanPostProcessorChecker.postProcessAfterInitialization:330 -Bean 'druidConfiguration' of type [edu.uni.config.DruidConfiguration$$EnhancerBySpringCGLIB$$8eaa35d2] is not eligible for getting processed by all BeanPostProcessors (for example: not eligible for auto-proxying)
2019-04-24 23:45:12.206 INFO [main]o.s.c.s.PostProcessorRegistrationDelegate$BeanPostProcessorChecker.postProcessAfterInitialization:330 -Bean 'org.springframework.transaction.annotation.ProxyTransactionManagementConfiguration' of type [org.springframework.transaction.annotation.ProxyTransactionManagementConfiguration$$EnhancerBySpringCGLIB$$b3b08d83] is not eligible for getting processed by all BeanPostProcessors (for example: not eligible for auto-proxying)
2019-04-24 23:45:13.204 WARN [main]o.s.web.context.support.GenericWebApplicationContext.refresh:557 -Exception encountered during context initialization - cancelling refresh attempt: org.springframework.beans.factory.UnsatisfiedDependencyException: Error creating bean with name 'ttestImpl': Unsatisfied dependency expressed through field 'deviceMapper'; nested exception is org.springframework.beans.factory.NoSuchBeanDefinitionException: No qualifying bean of type 'edu.uni.labManagement.mapper.DeviceMapper' available: expected at least 1 bean which qualifies as autowire candidate. Dependency annotations: {@org.springframework.beans.factory.annotation.Autowired(required=true)}
2019-04-24 23:45:13.235 INFO [main]o.s.b.a.logging.ConditionEvaluationReportLoggingListener.logMessage:142 -

Error starting ApplicationContext. To display the conditions report re-run your application with 'debug' enabled.
2019-04-24 23:46:28.196 INFO [main]edu.uni.labManagement.service.impl.testImplTest.logStarting:50 -Starting testImplTest on sola with PID 12196 (started by Administrator in E:\JavaWeb\uniProject\uniProject\uni)
2019-04-24 23:46:28.196 INFO [main]edu.uni.labManagement.service.impl.testImplTest.logStartupProfileInfo:675 -No active profile set, falling back to default profiles: default
2019-04-24 23:46:29.562 INFO [main]o.s.d.repository.config.RepositoryConfigurationDelegate.multipleStoresDetected:244 -Multiple Spring Data modules found, entering strict repository configuration mode!
2019-04-24 23:46:29.562 INFO [main]o.s.d.repository.config.RepositoryConfigurationDelegate.registerRepositoriesIn:126 -Bootstrapping Spring Data repositories in DEFAULT mode.
2019-04-24 23:46:29.641 INFO [main]o.s.d.repository.config.RepositoryConfigurationDelegate.registerRepositoriesIn:182 -Finished Spring Data repository scanning in 63ms. Found 0 repository interfaces.
2019-04-24 23:46:30.010 INFO [main]o.s.c.s.PostProcessorRegistrationDelegate$BeanPostProcessorChecker.postProcessAfterInitialization:330 -Bean 'druidConfiguration' of type [edu.uni.config.DruidConfiguration$$EnhancerBySpringCGLIB$$bd2eca78] is not eligible for getting processed by all BeanPostProcessors (for example: not eligible for auto-proxying)
2019-04-24 23:46:30.111 INFO [main]o.s.c.s.PostProcessorRegistrationDelegate$BeanPostProcessorChecker.postProcessAfterInitialization:330 -Bean 'org.springframework.transaction.annotation.ProxyTransactionManagementConfiguration' of type [org.springframework.transaction.annotation.ProxyTransactionManagementConfiguration$$EnhancerBySpringCGLIB$$e2352229] is not eligible for getting processed by all BeanPostProcessors (for example: not eligible for auto-proxying)
2019-04-24 23:46:31.405 WARN [main]o.s.web.context.support.GenericWebApplicationContext.refresh:557 -Exception encountered during context initialization - cancelling refresh attempt: org.springframework.beans.factory.UnsatisfiedDependencyException: Error creating bean with name 'ttestImpl': Unsatisfied dependency expressed through field 'deviceMapper'; nested exception is org.springframework.beans.factory.NoSuchBeanDefinitionException: No qualifying bean of type 'edu.uni.labManagement.mapper.DeviceMapper' available: expected at least 1 bean which qualifies as autowire candidate. Dependency annotations: {@org.springframework.beans.factory.annotation.Autowired(required=true)}
2019-04-24 23:46:31.424 INFO [main]o.s.b.a.logging.ConditionEvaluationReportLoggingListener.logMessage:142 -

Error starting ApplicationContext. To display the conditions report re-run your application with 'debug' enabled.
2019-04-24 23:48:34.194 INFO [main]edu.uni.labManagement.service.impl.testImplTest.logStarting:50 -Starting testImplTest on sola with PID 9512 (started by Administrator in E:\JavaWeb\uniProject\uniProject\uni)
2019-04-24 23:48:34.194 INFO [main]edu.uni.labManagement.service.impl.testImplTest.logStartupProfileInfo:675 -No active profile set, falling back to default profiles: default
2019-04-24 23:48:35.498 INFO [main]o.s.d.repository.config.RepositoryConfigurationDelegate.multipleStoresDetected:244 -Multiple Spring Data modules found, entering strict repository configuration mode!
2019-04-24 23:48:35.498 INFO [main]o.s.d.repository.config.RepositoryConfigurationDelegate.registerRepositoriesIn:126 -Bootstrapping Spring Data repositories in DEFAULT mode.
2019-04-24 23:48:35.574 INFO [main]o.s.d.repository.config.RepositoryConfigurationDelegate.registerRepositoriesIn:182 -Finished Spring Data repository scanning in 65ms. Found 0 repository interfaces.
2019-04-24 23:48:35.926 INFO [main]o.s.c.s.PostProcessorRegistrationDelegate$BeanPostProcessorChecker.postProcessAfterInitialization:330 -Bean 'druidConfiguration' of type [edu.uni.config.DruidConfiguration$$EnhancerBySpringCGLIB$$8ae582d9] is not eligible for getting processed by all BeanPostProcessors (for example: not eligible for auto-proxying)
2019-04-24 23:48:36.024 INFO [main]o.s.c.s.PostProcessorRegistrationDelegate$BeanPostProcessorChecker.postProcessAfterInitialization:330 -Bean 'org.springframework.transaction.annotation.ProxyTransactionManagementConfiguration' of type [org.springframework.transaction.annotation.ProxyTransactionManagementConfiguration$$EnhancerBySpringCGLIB$$afebda8a] is not eligible for getting processed by all BeanPostProcessors (for example: not eligible for auto-proxying)
2019-04-24 23:48:37.395 WARN [main]o.s.web.context.support.GenericWebApplicationContext.refresh:557 -Exception encountered during context initialization - cancelling refresh attempt: org.springframework.beans.factory.UnsatisfiedDependencyException: Error creating bean with name 'ttestImpl': Unsatisfied dependency expressed through field 'deviceMapper'; nested exception is org.springframework.beans.factory.NoSuchBeanDefinitionException: No qualifying bean of type 'edu.uni.labManagement.mapper.DeviceMapper' available: expected at least 1 bean which qualifies as autowire candidate. Dependency annotations: {@org.springframework.beans.factory.annotation.Autowired(required=true)}
2019-04-24 23:48:37.418 INFO [main]o.s.b.a.logging.ConditionEvaluationReportLoggingListener.logMessage:142 -

Error starting ApplicationContext. To display the conditions report re-run your application with 'debug' enabled.
2019-04-24 23:51:20.798 INFO [main]edu.uni.labManagement.service.impl.testImplTest.logStarting:50 -Starting testImplTest on sola with PID 5592 (started by Administrator in E:\JavaWeb\uniProject\uniProject\uni)
2019-04-24 23:51:20.798 INFO [main]edu.uni.labManagement.service.impl.testImplTest.logStartupProfileInfo:675 -No active profile set, falling back to default profiles: default
2019-04-24 23:51:22.380 INFO [main]o.s.d.repository.config.RepositoryConfigurationDelegate.multipleStoresDetected:244 -Multiple Spring Data modules found, entering strict repository configuration mode!
2019-04-24 23:51:22.391 INFO [main]o.s.d.repository.config.RepositoryConfigurationDelegate.registerRepositoriesIn:126 -Bootstrapping Spring Data repositories in DEFAULT mode.
2019-04-24 23:51:22.473 INFO [main]o.s.d.repository.config.RepositoryConfigurationDelegate.registerRepositoriesIn:182 -Finished Spring Data repository scanning in 64ms. Found 0 repository interfaces.
2019-04-24 23:51:22.820 INFO [main]o.s.c.s.PostProcessorRegistrationDelegate$BeanPostProcessorChecker.postProcessAfterInitialization:330 -Bean 'druidConfiguration' of type [edu.uni.config.DruidConfiguration$$EnhancerBySpringCGLIB$$315599b6] is not eligible for getting processed by all BeanPostProcessors (for example: not eligible for auto-proxying)
2019-04-24 23:51:22.932 INFO [main]o.s.c.s.PostProcessorRegistrationDelegate$BeanPostProcessorChecker.postProcessAfterInitialization:330 -Bean 'org.springframework.transaction.annotation.ProxyTransactionManagementConfiguration' of type [org.springframework.transaction.annotation.ProxyTransactionManagementConfiguration$$EnhancerBySpringCGLIB$$565bf167] is not eligible for getting processed by all BeanPostProcessors (for example: not eligible for auto-proxying)
2019-04-24 23:51:25.957 INFO [main]o.s.scheduling.concurrent.ThreadPoolTaskExecutor.initialize:171 -Initializing ExecutorService 'applicationTaskExecutor'
2019-04-24 23:51:26.665 INFO [main]s.d.spring.web.plugins.DocumentationPluginsBootstrapper.start:120 -Context refreshed
2019-04-24 23:51:26.696 INFO [main]s.d.spring.web.plugins.DocumentationPluginsBootstrapper.start:123 -Found 1 custom documentation plugin(s)
2019-04-24 23:51:26.712 INFO [main]s.d.spring.web.scanners.ApiListingReferenceScanner.scan:41 -Scanning for api listing references
2019-04-24 23:51:26.927 INFO [main]edu.uni.labManagement.service.impl.testImplTest.logStarted:59 -Started testImplTest in 6.95 seconds (JVM running for 8.27)
2019-04-24 23:51:29.976 INFO [main]com.alibaba.druid.pool.DruidDataSource.init:922 -{dataSource-1} inited
2019-04-24 23:51:30.395 INFO [Thread-2]o.s.scheduling.concurrent.ThreadPoolTaskExecutor.shutdown:208 -Shutting down ExecutorService 'applicationTaskExecutor'
2019-04-24 23:51:30.420 INFO [Thread-2]com.alibaba.druid.pool.DruidDataSource.close:1817 -{dataSource-1} closed
2019-04-24 23:52:39.110 INFO [main]edu.uni.labManagement.service.impl.testImplTest.logStarting:50 -Starting testImplTest on sola with PID 10184 (started by Administrator in E:\JavaWeb\uniProject\uniProject\uni)
2019-04-24 23:52:39.110 INFO [main]edu.uni.labManagement.service.impl.testImplTest.logStartupProfileInfo:675 -No active profile set, falling back to default profiles: default
2019-04-24 23:52:40.432 INFO [main]o.s.d.repository.config.RepositoryConfigurationDelegate.multipleStoresDetected:244 -Multiple Spring Data modules found, entering strict repository configuration mode!
2019-04-24 23:52:40.432 INFO [main]o.s.d.repository.config.RepositoryConfigurationDelegate.registerRepositoriesIn:126 -Bootstrapping Spring Data repositories in DEFAULT mode.
2019-04-24 23:52:40.518 INFO [main]o.s.d.repository.config.RepositoryConfigurationDelegate.registerRepositoriesIn:182 -Finished Spring Data repository scanning in 60ms. Found 0 repository interfaces.
2019-04-24 23:52:40.896 INFO [main]o.s.c.s.PostProcessorRegistrationDelegate$BeanPostProcessorChecker.postProcessAfterInitialization:330 -Bean 'druidConfiguration' of type [edu.uni.config.DruidConfiguration$$EnhancerBySpringCGLIB$$44800357] is not eligible for getting processed by all BeanPostProcessors (for example: not eligible for auto-proxying)
2019-04-24 23:52:40.980 INFO [main]o.s.c.s.PostProcessorRegistrationDelegate$BeanPostProcessorChecker.postProcessAfterInitialization:330 -Bean 'org.springframework.transaction.annotation.ProxyTransactionManagementConfiguration' of type [org.springframework.transaction.annotation.ProxyTransactionManagementConfiguration$$EnhancerBySpringCGLIB$$69865b08] is not eligible for getting processed by all BeanPostProcessors (for example: not eligible for auto-proxying)
2019-04-24 23:52:43.390 INFO [main]o.s.scheduling.concurrent.ThreadPoolTaskExecutor.initialize:171 -Initializing ExecutorService 'applicationTaskExecutor'
2019-04-24 23:52:43.943 INFO [main]s.d.spring.web.plugins.DocumentationPluginsBootstrapper.start:120 -Context refreshed
2019-04-24 23:52:43.975 INFO [main]s.d.spring.web.plugins.DocumentationPluginsBootstrapper.start:123 -Found 1 custom documentation plugin(s)
2019-04-24 23:52:43.991 INFO [main]s.d.spring.web.scanners.ApiListingReferenceScanner.scan:41 -Scanning for api listing references
2019-04-24 23:52:44.173 INFO [main]edu.uni.labManagement.service.impl.testImplTest.logStarted:59 -Started testImplTest in 5.953 seconds (JVM running for 7.342)
2019-04-24 23:52:46.385 INFO [main]com.alibaba.druid.pool.DruidDataSource.init:922 -{dataSource-1} inited
2019-04-24 23:52:46.680 INFO [Thread-2]o.s.scheduling.concurrent.ThreadPoolTaskExecutor.shutdown:208 -Shutting down ExecutorService 'applicationTaskExecutor'
2019-04-24 23:52:46.706 INFO [Thread-2]com.alibaba.druid.pool.DruidDataSource.close:1817 -{dataSource-1} closed
2019-04-24 23:54:10.633 INFO [main]edu.uni.labManagement.service.impl.testImplTest.logStarting:50 -Starting testImplTest on sola with PID 12256 (started by Administrator in E:\JavaWeb\uniProject\uniProject\uni)
2019-04-24 23:54:10.657 INFO [main]edu.uni.labManagement.service.impl.testImplTest.logStartupProfileInfo:675 -No active profile set, falling back to default profiles: default
2019-04-24 23:54:12.172 INFO [main]o.s.d.repository.config.RepositoryConfigurationDelegate.multipleStoresDetected:244 -Multiple Spring Data modules found, entering strict repository configuration mode!
2019-04-24 23:54:12.187 INFO [main]o.s.d.repository.config.RepositoryConfigurationDelegate.registerRepositoriesIn:126 -Bootstrapping Spring Data repositories in DEFAULT mode.
2019-04-24 23:54:12.258 INFO [main]o.s.d.repository.config.RepositoryConfigurationDelegate.registerRepositoriesIn:182 -Finished Spring Data repository scanning in 67ms. Found 0 repository interfaces.
2019-04-24 23:54:12.635 INFO [main]o.s.c.s.PostProcessorRegistrationDelegate$BeanPostProcessorChecker.postProcessAfterInitialization:330 -Bean 'druidConfiguration' of type [edu.uni.config.DruidConfiguration$$EnhancerBySpringCGLIB$$fa8ac90e] is not eligible for getting processed by all BeanPostProcessors (for example: not eligible for auto-proxying)
2019-04-24 23:54:12.752 INFO [main]o.s.c.s.PostProcessorRegistrationDelegate$BeanPostProcessorChecker.postProcessAfterInitialization:330 -Bean 'org.springframework.transaction.annotation.ProxyTransactionManagementConfiguration' of type [org.springframework.transaction.annotation.ProxyTransactionManagementConfiguration$$EnhancerBySpringCGLIB$$1f9120bf] is not eligible for getting processed by all BeanPostProcessors (for example: not eligible for auto-proxying)
2019-04-24 23:54:15.217 INFO [main]o.s.scheduling.concurrent.ThreadPoolTaskExecutor.initialize:171 -Initializing ExecutorService 'applicationTaskExecutor'
2019-04-24 23:54:15.790 INFO [main]s.d.spring.web.plugins.DocumentationPluginsBootstrapper.start:120 -Context refreshed
2019-04-24 23:54:15.806 INFO [main]s.d.spring.web.plugins.DocumentationPluginsBootstrapper.start:123 -Found 1 custom documentation plugin(s)
2019-04-24 23:54:15.822 INFO [main]s.d.spring.web.scanners.ApiListingReferenceScanner.scan:41 -Scanning for api listing references
2019-04-24 23:54:16.048 INFO [main]edu.uni.labManagement.service.impl.testImplTest.logStarted:59 -Started testImplTest in 6.202 seconds (JVM running for 7.368)
2019-04-24 23:54:18.191 INFO [main]com.alibaba.druid.pool.DruidDataSource.init:922 -{dataSource-1} inited
2019-04-24 23:54:18.463 INFO [Thread-2]o.s.scheduling.concurrent.ThreadPoolTaskExecutor.shutdown:208 -Shutting down ExecutorService 'applicationTaskExecutor'
2019-04-24 23:54:18.489 INFO [Thread-2]com.alibaba.druid.pool.DruidDataSource.close:1817 -{dataSource-1} closed
2019-04-24 23:54:53.248 INFO [main]edu.uni.labManagement.service.impl.testImplTest.logStarting:50 -Starting testImplTest on sola with PID 9444 (started by Administrator in E:\JavaWeb\uniProject\uniProject\uni)
2019-04-24 23:54:53.264 INFO [main]edu.uni.labManagement.service.impl.testImplTest.logStartupProfileInfo:675 -No active profile set, falling back to default profiles: default
2019-04-24 23:54:54.804 INFO [main]o.s.d.repository.config.RepositoryConfigurationDelegate.multipleStoresDetected:244 -Multiple Spring Data modules found, entering strict repository configuration mode!
2019-04-24 23:54:54.811 INFO [main]o.s.d.repository.config.RepositoryConfigurationDelegate.registerRepositoriesIn:126 -Bootstrapping Spring Data repositories in DEFAULT mode.
2019-04-24 23:54:54.889 INFO [main]o.s.d.repository.config.RepositoryConfigurationDelegate.registerRepositoriesIn:182 -Finished Spring Data repository scanning in 71ms. Found 0 repository interfaces.
2019-04-24 23:54:55.259 INFO [main]o.s.c.s.PostProcessorRegistrationDelegate$BeanPostProcessorChecker.postProcessAfterInitialization:330 -Bean 'druidConfiguration' of type [edu.uni.config.DruidConfiguration$$EnhancerBySpringCGLIB$$315599b6] is not eligible for getting processed by all BeanPostProcessors (for example: not eligible for auto-proxying)
2019-04-24 23:54:55.355 INFO [main]o.s.c.s.PostProcessorRegistrationDelegate$BeanPostProcessorChecker.postProcessAfterInitialization:330 -Bean 'org.springframework.transaction.annotation.ProxyTransactionManagementConfiguration' of type [org.springframework.transaction.annotation.ProxyTransactionManagementConfiguration$$EnhancerBySpringCGLIB$$565bf167] is not eligible for getting processed by all BeanPostProcessors (for example: not eligible for auto-proxying)
2019-04-24 23:54:57.840 INFO [main]o.s.scheduling.concurrent.ThreadPoolTaskExecutor.initialize:171 -Initializing ExecutorService 'applicationTaskExecutor'
2019-04-24 23:54:58.388 INFO [main]s.d.spring.web.plugins.DocumentationPluginsBootstrapper.start:120 -Context refreshed
2019-04-24 23:54:58.404 INFO [main]s.d.spring.web.plugins.DocumentationPluginsBootstrapper.start:123 -Found 1 custom documentation plugin(s)
2019-04-24 23:54:58.420 INFO [main]s.d.spring.web.scanners.ApiListingReferenceScanner.scan:41 -Scanning for api listing references
2019-04-24 23:54:58.634 INFO [main]edu.uni.labManagement.service.impl.testImplTest.logStarted:59 -Started testImplTest in 6.199 seconds (JVM running for 7.338)
2019-04-24 23:54:59.933 INFO [main]com.alibaba.druid.pool.DruidDataSource.init:922 -{dataSource-1} inited
2019-04-24 23:55:00.106 INFO [Thread-2]o.s.scheduling.concurrent.ThreadPoolTaskExecutor.shutdown:208 -Shutting down ExecutorService 'applicationTaskExecutor'
2019-04-24 23:55:00.129 INFO [Thread-2]com.alibaba.druid.pool.DruidDataSource.close:1817 -{dataSource-1} closed
2019-04-24 23:55:13.696 INFO [main]edu.uni.labManagement.service.impl.testImplTest.logStarting:50 -Starting testImplTest on sola with PID 8828 (started by Administrator in E:\JavaWeb\uniProject\uniProject\uni)
2019-04-24 23:55:13.696 INFO [main]edu.uni.labManagement.service.impl.testImplTest.logStartupProfileInfo:675 -No active profile set, falling back to default profiles: default
2019-04-24 23:55:15.029 INFO [main]o.s.d.repository.config.RepositoryConfigurationDelegate.multipleStoresDetected:244 -Multiple Spring Data modules found, entering strict repository configuration mode!
2019-04-24 23:55:15.029 INFO [main]o.s.d.repository.config.RepositoryConfigurationDelegate.registerRepositoriesIn:126 -Bootstrapping Spring Data repositories in DEFAULT mode.
2019-04-24 23:55:15.111 INFO [main]o.s.d.repository.config.RepositoryConfigurationDelegate.registerRepositoriesIn:182 -Finished Spring Data repository scanning in 65ms. Found 0 repository interfaces.
2019-04-24 23:55:15.470 INFO [main]o.s.c.s.PostProcessorRegistrationDelegate$BeanPostProcessorChecker.postProcessAfterInitialization:330 -Bean 'druidConfiguration' of type [edu.uni.config.DruidConfiguration$$EnhancerBySpringCGLIB$$6fe583a4] is not eligible for getting processed by all BeanPostProcessors (for example: not eligible for auto-proxying)
2019-04-24 23:55:15.569 INFO [main]o.s.c.s.PostProcessorRegistrationDelegate$BeanPostProcessorChecker.postProcessAfterInitialization:330 -Bean 'org.springframework.transaction.annotation.ProxyTransactionManagementConfiguration' of type [org.springframework.transaction.annotation.ProxyTransactionManagementConfiguration$$EnhancerBySpringCGLIB$$94ebdb55] is not eligible for getting processed by all BeanPostProcessors (for example: not eligible for auto-proxying)
2019-04-24 23:55:18.030 INFO [main]o.s.scheduling.concurrent.ThreadPoolTaskExecutor.initialize:171 -Initializing ExecutorService 'applicationTaskExecutor'
2019-04-24 23:55:18.583 INFO [main]s.d.spring.web.plugins.DocumentationPluginsBootstrapper.start:120 -Context refreshed
2019-04-24 23:55:18.616 INFO [main]s.d.spring.web.plugins.DocumentationPluginsBootstrapper.start:123 -Found 1 custom documentation plugin(s)
2019-04-24 23:55:18.633 INFO [main]s.d.spring.web.scanners.ApiListingReferenceScanner.scan:41 -Scanning for api listing references
2019-04-24 23:55:18.819 INFO [main]edu.uni.labManagement.service.impl.testImplTest.logStarted:59 -Started testImplTest in 5.877 seconds (JVM running for 7.029)
2019-04-24 23:55:21.044 INFO [main]com.alibaba.druid.pool.DruidDataSource.init:922 -{dataSource-1} inited
2019-04-24 23:55:21.328 INFO [Thread-2]o.s.scheduling.concurrent.ThreadPoolTaskExecutor.shutdown:208 -Shutting down ExecutorService 'applicationTaskExecutor'
2019-04-24 23:55:21.354 INFO [Thread-2]com.alibaba.druid.pool.DruidDataSource.close:1817 -{dataSource-1} closed
