2019-04-28 12:19:15.234 INFO [main]edu.uni.labManagement.service.impl.testImplTest.logStarting:50 -Starting testImplTest on sola with PID 20852 (started by Administrator in E:\JavaWeb\uniProject\uniProject\uni)
2019-04-28 12:19:15.234 INFO [main]edu.uni.labManagement.service.impl.testImplTest.logStartupProfileInfo:675 -No active profile set, falling back to default profiles: default
2019-04-28 12:19:17.030 WARN [main]org.mybatis.spring.mapper.ClassPathMapperScanner.warn:44 -Skipping MapperFactoryBean with name 'categoryMapper' and 'edu.uni.example.mapper.CategoryMapper' mapperInterface. Bean already defined with the same name!
2019-04-28 12:19:17.030 WARN [main]org.mybatis.spring.mapper.ClassPathMapperScanner.warn:44 -Skipping MapperFactoryBean with name 'productMapper' and 'edu.uni.example.mapper.ProductMapper' mapperInterface. Bean already defined with the same name!
2019-04-28 12:19:17.030 WARN [main]org.mybatis.spring.mapper.ClassPathMapperScanner.warn:44 -Skipping MapperFactoryBean with name 'deviceCategoryMapper' and 'edu.uni.labManagement.mapper.DeviceCategoryMapper' mapperInterface. Bean already defined with the same name!
2019-04-28 12:19:17.030 WARN [main]org.mybatis.spring.mapper.ClassPathMapperScanner.warn:44 -Skipping MapperFactoryBean with name 'deviceLendDetailMapper' and 'edu.uni.labManagement.mapper.DeviceLendDetailMapper' mapperInterface. Bean already defined with the same name!
2019-04-28 12:19:17.030 WARN [main]org.mybatis.spring.mapper.ClassPathMapperScanner.warn:44 -Skipping MapperFactoryBean with name 'deviceLendMapper' and 'edu.uni.labManagement.mapper.DeviceLendMapper' mapperInterface. Bean already defined with the same name!
2019-04-28 12:19:17.046 WARN [main]org.mybatis.spring.mapper.ClassPathMapperScanner.warn:44 -Skipping MapperFactoryBean with name 'deviceMapper' and 'edu.uni.labManagement.mapper.DeviceMapper' mapperInterface. Bean already defined with the same name!
2019-04-28 12:19:17.046 WARN [main]org.mybatis.spring.mapper.ClassPathMapperScanner.warn:44 -Skipping MapperFactoryBean with name 'deviceModelMapper' and 'edu.uni.labManagement.mapper.DeviceModelMapper' mapperInterface. Bean already defined with the same name!
2019-04-28 12:19:17.046 WARN [main]org.mybatis.spring.mapper.ClassPathMapperScanner.warn:44 -Skipping MapperFactoryBean with name 'deviceMoveInMapper' and 'edu.uni.labManagement.mapper.DeviceMoveInMapper' mapperInterface. Bean already defined with the same name!
2019-04-28 12:19:17.046 WARN [main]org.mybatis.spring.mapper.ClassPathMapperScanner.warn:44 -Skipping MapperFactoryBean with name 'deviceMoveOutMapper' and 'edu.uni.labManagement.mapper.DeviceMoveOutMapper' mapperInterface. Bean already defined with the same name!
2019-04-28 12:19:17.046 WARN [main]org.mybatis.spring.mapper.ClassPathMapperScanner.warn:44 -Skipping MapperFactoryBean with name 'deviceRepairApplyMapper' and 'edu.uni.labManagement.mapper.DeviceRepairApplyMapper' mapperInterface. Bean already defined with the same name!
2019-04-28 12:19:17.046 WARN [main]org.mybatis.spring.mapper.ClassPathMapperScanner.warn:44 -Skipping MapperFactoryBean with name 'deviceReturnDetailMapper' and 'edu.uni.labManagement.mapper.DeviceReturnDetailMapper' mapperInterface. Bean already defined with the same name!
2019-04-28 12:19:17.046 WARN [main]org.mybatis.spring.mapper.ClassPathMapperScanner.warn:44 -Skipping MapperFactoryBean with name 'deviceReturnMapper' and 'edu.uni.labManagement.mapper.DeviceReturnMapper' mapperInterface. Bean already defined with the same name!
2019-04-28 12:19:17.046 WARN [main]org.mybatis.spring.mapper.ClassPathMapperScanner.warn:44 -Skipping MapperFactoryBean with name 'deviceSlaveMapper' and 'edu.uni.labManagement.mapper.DeviceSlaveMapper' mapperInterface. Bean already defined with the same name!
2019-04-28 12:19:17.046 WARN [main]org.mybatis.spring.mapper.ClassPathMapperScanner.warn:44 -Skipping MapperFactoryBean with name 'equipmentModelBelongsMapper' and 'edu.uni.labManagement.mapper.EquipmentModelBelongsMapper' mapperInterface. Bean already defined with the same name!
2019-04-28 12:19:17.046 WARN [main]org.mybatis.spring.mapper.ClassPathMapperScanner.warn:44 -Skipping MapperFactoryBean with name 'inStorageDetailMapper' and 'edu.uni.labManagement.mapper.InStorageDetailMapper' mapperInterface. Bean already defined with the same name!
2019-04-28 12:19:17.046 WARN [main]org.mybatis.spring.mapper.ClassPathMapperScanner.warn:44 -Skipping MapperFactoryBean with name 'inStorageMapper' and 'edu.uni.labManagement.mapper.InStorageMapper' mapperInterface. Bean already defined with the same name!
2019-04-28 12:19:17.046 WARN [main]org.mybatis.spring.mapper.ClassPathMapperScanner.warn:44 -Skipping MapperFactoryBean with name 'labDeviceMapper' and 'edu.uni.labManagement.mapper.LabDeviceMapper' mapperInterface. Bean already defined with the same name!
2019-04-28 12:19:17.046 WARN [main]org.mybatis.spring.mapper.ClassPathMapperScanner.warn:44 -Skipping MapperFactoryBean with name 'labMapper' and 'edu.uni.labManagement.mapper.LabMapper' mapperInterface. Bean already defined with the same name!
2019-04-28 12:19:17.046 WARN [main]org.mybatis.spring.mapper.ClassPathMapperScanner.warn:44 -Skipping MapperFactoryBean with name 'maintenanceRecordsMapper' and 'edu.uni.labManagement.mapper.MaintenanceRecordsMapper' mapperInterface. Bean already defined with the same name!
2019-04-28 12:19:17.046 WARN [main]org.mybatis.spring.mapper.ClassPathMapperScanner.warn:44 -Skipping MapperFactoryBean with name 'outStorageDetailMapper' and 'edu.uni.labManagement.mapper.OutStorageDetailMapper' mapperInterface. Bean already defined with the same name!
2019-04-28 12:19:17.046 WARN [main]org.mybatis.spring.mapper.ClassPathMapperScanner.warn:44 -Skipping MapperFactoryBean with name 'outStorageMapper' and 'edu.uni.labManagement.mapper.OutStorageMapper' mapperInterface. Bean already defined with the same name!
2019-04-28 12:19:17.046 WARN [main]org.mybatis.spring.mapper.ClassPathMapperScanner.warn:44 -Skipping MapperFactoryBean with name 'routineMaintenanceDetailMapper' and 'edu.uni.labManagement.mapper.RoutineMaintenanceDetailMapper' mapperInterface. Bean already defined with the same name!
2019-04-28 12:19:17.046 WARN [main]org.mybatis.spring.mapper.ClassPathMapperScanner.warn:44 -Skipping MapperFactoryBean with name 'routineMaintenanceMapper' and 'edu.uni.labManagement.mapper.RoutineMaintenanceMapper' mapperInterface. Bean already defined with the same name!
2019-04-28 12:19:17.046 WARN [main]org.mybatis.spring.mapper.ClassPathMapperScanner.warn:44 -No MyBatis mapper was found in '[edu.uni.*.mapper]' package. Please check your configuration.
2019-04-28 12:19:17.390 INFO [main]o.s.d.repository.config.RepositoryConfigurationDelegate.multipleStoresDetected:244 -Multiple Spring Data modules found, entering strict repository configuration mode!
2019-04-28 12:19:17.405 INFO [main]o.s.d.repository.config.RepositoryConfigurationDelegate.registerRepositoriesIn:126 -Bootstrapping Spring Data repositories in DEFAULT mode.
2019-04-28 12:19:17.546 INFO [main]o.s.d.repository.config.RepositoryConfigurationDelegate.registerRepositoriesIn:182 -Finished Spring Data repository scanning in 109ms. Found 0 repository interfaces.
2019-04-28 12:19:18.202 INFO [main]o.s.c.s.PostProcessorRegistrationDelegate$BeanPostProcessorChecker.postProcessAfterInitialization:330 -Bean 'druidConfiguration' of type [edu.uni.config.DruidConfiguration$$EnhancerBySpringCGLIB$$133f1c40] is not eligible for getting processed by all BeanPostProcessors (for example: not eligible for auto-proxying)
2019-04-28 12:19:18.311 INFO [main]o.s.c.s.PostProcessorRegistrationDelegate$BeanPostProcessorChecker.postProcessAfterInitialization:330 -Bean 'org.springframework.transaction.annotation.ProxyTransactionManagementConfiguration' of type [org.springframework.transaction.annotation.ProxyTransactionManagementConfiguration$$EnhancerBySpringCGLIB$$384573f1] is not eligible for getting processed by all BeanPostProcessors (for example: not eligible for auto-proxying)
2019-04-28 12:19:21.982 INFO [main]o.s.scheduling.concurrent.ThreadPoolTaskExecutor.initialize:171 -Initializing ExecutorService 'applicationTaskExecutor'
2019-04-28 12:19:22.717 INFO [main]s.d.spring.web.plugins.DocumentationPluginsBootstrapper.start:120 -Context refreshed
2019-04-28 12:19:22.748 INFO [main]s.d.spring.web.plugins.DocumentationPluginsBootstrapper.start:123 -Found 1 custom documentation plugin(s)
2019-04-28 12:19:22.763 INFO [main]s.d.spring.web.scanners.ApiListingReferenceScanner.scan:41 -Scanning for api listing references
2019-04-28 12:19:22.998 INFO [main]edu.uni.labManagement.service.impl.testImplTest.logStarted:59 -Started testImplTest in 8.342 seconds (JVM running for 10.842)
2019-04-28 12:19:24.888 INFO [main]com.alibaba.druid.pool.DruidDataSource.init:922 -{dataSource-1} inited
2019-04-28 12:19:25.372 INFO [Thread-2]o.s.scheduling.concurrent.ThreadPoolTaskExecutor.shutdown:208 -Shutting down ExecutorService 'applicationTaskExecutor'
2019-04-28 12:19:25.450 INFO [Thread-2]com.alibaba.druid.pool.DruidDataSource.close:1817 -{dataSource-1} closed
