2019-04-25 00:21:01.597 INFO [main]edu.uni.labManagement.service.impl.testImplTest.logStarting:50 -Starting testImplTest on sola with PID 6892 (started by Administrator in E:\JavaWeb\uniProject\uniProject\uni)
2019-04-25 00:21:01.599 INFO [main]edu.uni.labManagement.service.impl.testImplTest.logStartupProfileInfo:675 -No active profile set, falling back to default profiles: default
2019-04-25 00:21:02.989 INFO [main]o.s.d.repository.config.RepositoryConfigurationDelegate.multipleStoresDetected:244 -Multiple Spring Data modules found, entering strict repository configuration mode!
2019-04-25 00:21:02.995 INFO [main]o.s.d.repository.config.RepositoryConfigurationDelegate.registerRepositoriesIn:126 -Bootstrapping Spring Data repositories in DEFAULT mode.
2019-04-25 00:21:03.083 INFO [main]o.s.d.repository.config.RepositoryConfigurationDelegate.registerRepositoriesIn:182 -Finished Spring Data repository scanning in 71ms. Found 0 repository interfaces.
2019-04-25 00:21:03.483 INFO [main]o.s.c.s.PostProcessorRegistrationDelegate$BeanPostProcessorChecker.postProcessAfterInitialization:330 -Bean 'druidConfiguration' of type [edu.uni.config.DruidConfiguration$$EnhancerBySpringCGLIB$$869da58f] is not eligible for getting processed by all BeanPostProcessors (for example: not eligible for auto-proxying)
2019-04-25 00:21:03.591 INFO [main]o.s.c.s.PostProcessorRegistrationDelegate$BeanPostProcessorChecker.postProcessAfterInitialization:330 -Bean 'org.springframework.transaction.annotation.ProxyTransactionManagementConfiguration' of type [org.springframework.transaction.annotation.ProxyTransactionManagementConfiguration$$EnhancerBySpringCGLIB$$aba3fd40] is not eligible for getting processed by all BeanPostProcessors (for example: not eligible for auto-proxying)
2019-04-25 00:21:04.971 WARN [main]o.s.web.context.support.GenericWebApplicationContext.refresh:557 -Exception encountered during context initialization - cancelling refresh attempt: org.springframework.beans.factory.UnsatisfiedDependencyException: Error creating bean with name 'TTestImpl': Unsatisfied dependency expressed through field 'deviceMapper'; nested exception is org.springframework.beans.factory.NoSuchBeanDefinitionException: No qualifying bean of type 'edu.uni.labManagement.mapper.DeviceMapper' available: expected at least 1 bean which qualifies as autowire candidate. Dependency annotations: {@org.springframework.beans.factory.annotation.Autowired(required=true)}
2019-04-25 00:21:04.998 INFO [main]o.s.b.a.logging.ConditionEvaluationReportLoggingListener.logMessage:142 -

Error starting ApplicationContext. To display the conditions report re-run your application with 'debug' enabled.
2019-04-25 00:21:28.844 INFO [main]edu.uni.labManagement.service.impl.testImplTest.logStarting:50 -Starting testImplTest on sola with PID 10140 (started by Administrator in E:\JavaWeb\uniProject\uniProject\uni)
2019-04-25 00:21:28.848 INFO [main]edu.uni.labManagement.service.impl.testImplTest.logStartupProfileInfo:675 -No active profile set, falling back to default profiles: default
2019-04-25 00:21:57.307 INFO [main]edu.uni.labManagement.service.impl.testImplTest.logStarting:50 -Starting testImplTest on sola with PID 8216 (started by Administrator in E:\JavaWeb\uniProject\uniProject\uni)
2019-04-25 00:21:57.309 INFO [main]edu.uni.labManagement.service.impl.testImplTest.logStartupProfileInfo:675 -No active profile set, falling back to default profiles: default
2019-04-25 00:21:58.698 INFO [main]o.s.d.repository.config.RepositoryConfigurationDelegate.multipleStoresDetected:244 -Multiple Spring Data modules found, entering strict repository configuration mode!
2019-04-25 00:21:58.703 INFO [main]o.s.d.repository.config.RepositoryConfigurationDelegate.registerRepositoriesIn:126 -Bootstrapping Spring Data repositories in DEFAULT mode.
2019-04-25 00:21:58.791 INFO [main]o.s.d.repository.config.RepositoryConfigurationDelegate.registerRepositoriesIn:182 -Finished Spring Data repository scanning in 68ms. Found 0 repository interfaces.
2019-04-25 00:21:59.178 INFO [main]o.s.c.s.PostProcessorRegistrationDelegate$BeanPostProcessorChecker.postProcessAfterInitialization:330 -Bean 'druidConfiguration' of type [edu.uni.config.DruidConfiguration$$EnhancerBySpringCGLIB$$315599b6] is not eligible for getting processed by all BeanPostProcessors (for example: not eligible for auto-proxying)
2019-04-25 00:21:59.295 INFO [main]o.s.c.s.PostProcessorRegistrationDelegate$BeanPostProcessorChecker.postProcessAfterInitialization:330 -Bean 'org.springframework.transaction.annotation.ProxyTransactionManagementConfiguration' of type [org.springframework.transaction.annotation.ProxyTransactionManagementConfiguration$$EnhancerBySpringCGLIB$$565bf167] is not eligible for getting processed by all BeanPostProcessors (for example: not eligible for auto-proxying)
2019-04-25 00:22:01.824 INFO [main]o.s.scheduling.concurrent.ThreadPoolTaskExecutor.initialize:171 -Initializing ExecutorService 'applicationTaskExecutor'
2019-04-25 00:22:02.405 INFO [main]s.d.spring.web.plugins.DocumentationPluginsBootstrapper.start:120 -Context refreshed
2019-04-25 00:22:02.430 INFO [main]s.d.spring.web.plugins.DocumentationPluginsBootstrapper.start:123 -Found 1 custom documentation plugin(s)
2019-04-25 00:22:02.446 INFO [main]s.d.spring.web.scanners.ApiListingReferenceScanner.scan:41 -Scanning for api listing references
2019-04-25 00:22:02.690 INFO [main]edu.uni.labManagement.service.impl.testImplTest.logStarted:59 -Started testImplTest in 6.117 seconds (JVM running for 7.37)
2019-04-25 00:22:07.483 INFO [main]com.alibaba.druid.pool.DruidDataSource.init:922 -{dataSource-1} inited
2019-04-25 00:22:08.041 INFO [Thread-2]o.s.scheduling.concurrent.ThreadPoolTaskExecutor.shutdown:208 -Shutting down ExecutorService 'applicationTaskExecutor'
2019-04-25 00:22:08.078 INFO [Thread-2]com.alibaba.druid.pool.DruidDataSource.close:1817 -{dataSource-1} closed
2019-04-25 00:24:41.190 INFO [main]edu.uni.labManagement.service.impl.testImplTest.logStarting:50 -Starting testImplTest on sola with PID 1096 (started by Administrator in E:\JavaWeb\uniProject\uniProject\uni)
2019-04-25 00:24:41.194 INFO [main]edu.uni.labManagement.service.impl.testImplTest.logStartupProfileInfo:675 -No active profile set, falling back to default profiles: default
2019-04-25 00:24:42.899 INFO [main]o.s.d.repository.config.RepositoryConfigurationDelegate.multipleStoresDetected:244 -Multiple Spring Data modules found, entering strict repository configuration mode!
2019-04-25 00:24:42.903 INFO [main]o.s.d.repository.config.RepositoryConfigurationDelegate.registerRepositoriesIn:126 -Bootstrapping Spring Data repositories in DEFAULT mode.
2019-04-25 00:24:42.992 INFO [main]o.s.d.repository.config.RepositoryConfigurationDelegate.registerRepositoriesIn:182 -Finished Spring Data repository scanning in 70ms. Found 0 repository interfaces.
2019-04-25 00:24:43.385 INFO [main]o.s.c.s.PostProcessorRegistrationDelegate$BeanPostProcessorChecker.postProcessAfterInitialization:330 -Bean 'druidConfiguration' of type [edu.uni.config.DruidConfiguration$$EnhancerBySpringCGLIB$$869da58f] is not eligible for getting processed by all BeanPostProcessors (for example: not eligible for auto-proxying)
2019-04-25 00:24:43.494 INFO [main]o.s.c.s.PostProcessorRegistrationDelegate$BeanPostProcessorChecker.postProcessAfterInitialization:330 -Bean 'org.springframework.transaction.annotation.ProxyTransactionManagementConfiguration' of type [org.springframework.transaction.annotation.ProxyTransactionManagementConfiguration$$EnhancerBySpringCGLIB$$aba3fd40] is not eligible for getting processed by all BeanPostProcessors (for example: not eligible for auto-proxying)
2019-04-25 00:24:44.857 WARN [main]o.s.web.context.support.GenericWebApplicationContext.refresh:557 -Exception encountered during context initialization - cancelling refresh attempt: org.springframework.beans.factory.UnsatisfiedDependencyException: Error creating bean with name 'TTestImpl': Unsatisfied dependency expressed through field 'deviceMapper'; nested exception is org.springframework.beans.factory.NoSuchBeanDefinitionException: No qualifying bean of type 'edu.uni.labManagement.mapper.DeviceMapper' available: expected at least 1 bean which qualifies as autowire candidate. Dependency annotations: {@org.springframework.beans.factory.annotation.Autowired(required=true)}
2019-04-25 00:24:44.893 INFO [main]o.s.b.a.logging.ConditionEvaluationReportLoggingListener.logMessage:142 -

Error starting ApplicationContext. To display the conditions report re-run your application with 'debug' enabled.
2019-04-25 00:26:12.972 INFO [main]edu.uni.labManagement.service.impl.testImplTest.logStarting:50 -Starting testImplTest on sola with PID 10296 (started by Administrator in E:\JavaWeb\uniProject\uniProject\uni)
2019-04-25 00:26:12.974 INFO [main]edu.uni.labManagement.service.impl.testImplTest.logStartupProfileInfo:675 -No active profile set, falling back to default profiles: default
2019-04-25 00:26:14.358 WARN [main]org.mybatis.spring.mapper.ClassPathMapperScanner.warn:44 -Skipping MapperFactoryBean with name 'categoryMapper' and 'edu.uni.example.mapper.CategoryMapper' mapperInterface. Bean already defined with the same name!
2019-04-25 00:26:14.359 WARN [main]org.mybatis.spring.mapper.ClassPathMapperScanner.warn:44 -Skipping MapperFactoryBean with name 'productMapper' and 'edu.uni.example.mapper.ProductMapper' mapperInterface. Bean already defined with the same name!
2019-04-25 00:26:14.359 WARN [main]org.mybatis.spring.mapper.ClassPathMapperScanner.warn:44 -Skipping MapperFactoryBean with name 'deviceCategoryMapper' and 'edu.uni.labManagement.mapper.DeviceCategoryMapper' mapperInterface. Bean already defined with the same name!
2019-04-25 00:26:14.359 WARN [main]org.mybatis.spring.mapper.ClassPathMapperScanner.warn:44 -Skipping MapperFactoryBean with name 'deviceLendDetailMapper' and 'edu.uni.labManagement.mapper.DeviceLendDetailMapper' mapperInterface. Bean already defined with the same name!
2019-04-25 00:26:14.360 WARN [main]org.mybatis.spring.mapper.ClassPathMapperScanner.warn:44 -Skipping MapperFactoryBean with name 'deviceLendMapper' and 'edu.uni.labManagement.mapper.DeviceLendMapper' mapperInterface. Bean already defined with the same name!
2019-04-25 00:26:14.360 WARN [main]org.mybatis.spring.mapper.ClassPathMapperScanner.warn:44 -Skipping MapperFactoryBean with name 'deviceMapper' and 'edu.uni.labManagement.mapper.DeviceMapper' mapperInterface. Bean already defined with the same name!
2019-04-25 00:26:14.360 WARN [main]org.mybatis.spring.mapper.ClassPathMapperScanner.warn:44 -Skipping MapperFactoryBean with name 'deviceModelMapper' and 'edu.uni.labManagement.mapper.DeviceModelMapper' mapperInterface. Bean already defined with the same name!
2019-04-25 00:26:14.360 WARN [main]org.mybatis.spring.mapper.ClassPathMapperScanner.warn:44 -Skipping MapperFactoryBean with name 'deviceMoveInMapper' and 'edu.uni.labManagement.mapper.DeviceMoveInMapper' mapperInterface. Bean already defined with the same name!
2019-04-25 00:26:14.361 WARN [main]org.mybatis.spring.mapper.ClassPathMapperScanner.warn:44 -Skipping MapperFactoryBean with name 'deviceMoveOutMapper' and 'edu.uni.labManagement.mapper.DeviceMoveOutMapper' mapperInterface. Bean already defined with the same name!
2019-04-25 00:26:14.361 WARN [main]org.mybatis.spring.mapper.ClassPathMapperScanner.warn:44 -Skipping MapperFactoryBean with name 'deviceRepairApplyMapper' and 'edu.uni.labManagement.mapper.DeviceRepairApplyMapper' mapperInterface. Bean already defined with the same name!
2019-04-25 00:26:14.361 WARN [main]org.mybatis.spring.mapper.ClassPathMapperScanner.warn:44 -Skipping MapperFactoryBean with name 'deviceReturnDetailMapper' and 'edu.uni.labManagement.mapper.DeviceReturnDetailMapper' mapperInterface. Bean already defined with the same name!
2019-04-25 00:26:14.361 WARN [main]org.mybatis.spring.mapper.ClassPathMapperScanner.warn:44 -Skipping MapperFactoryBean with name 'deviceReturnMapper' and 'edu.uni.labManagement.mapper.DeviceReturnMapper' mapperInterface. Bean already defined with the same name!
2019-04-25 00:26:14.362 WARN [main]org.mybatis.spring.mapper.ClassPathMapperScanner.warn:44 -Skipping MapperFactoryBean with name 'deviceSlaveMapper' and 'edu.uni.labManagement.mapper.DeviceSlaveMapper' mapperInterface. Bean already defined with the same name!
2019-04-25 00:26:14.362 WARN [main]org.mybatis.spring.mapper.ClassPathMapperScanner.warn:44 -Skipping MapperFactoryBean with name 'equipmentModelBelongsMapper' and 'edu.uni.labManagement.mapper.EquipmentModelBelongsMapper' mapperInterface. Bean already defined with the same name!
2019-04-25 00:26:14.363 WARN [main]org.mybatis.spring.mapper.ClassPathMapperScanner.warn:44 -Skipping MapperFactoryBean with name 'inStorageDetailMapper' and 'edu.uni.labManagement.mapper.InStorageDetailMapper' mapperInterface. Bean already defined with the same name!
2019-04-25 00:26:14.363 WARN [main]org.mybatis.spring.mapper.ClassPathMapperScanner.warn:44 -Skipping MapperFactoryBean with name 'inStorageMapper' and 'edu.uni.labManagement.mapper.InStorageMapper' mapperInterface. Bean already defined with the same name!
2019-04-25 00:26:14.363 WARN [main]org.mybatis.spring.mapper.ClassPathMapperScanner.warn:44 -Skipping MapperFactoryBean with name 'labDeviceMapper' and 'edu.uni.labManagement.mapper.LabDeviceMapper' mapperInterface. Bean already defined with the same name!
2019-04-25 00:26:14.363 WARN [main]org.mybatis.spring.mapper.ClassPathMapperScanner.warn:44 -Skipping MapperFactoryBean with name 'labMapper' and 'edu.uni.labManagement.mapper.LabMapper' mapperInterface. Bean already defined with the same name!
2019-04-25 00:26:14.364 WARN [main]org.mybatis.spring.mapper.ClassPathMapperScanner.warn:44 -Skipping MapperFactoryBean with name 'maintenanceRecordsMapper' and 'edu.uni.labManagement.mapper.MaintenanceRecordsMapper' mapperInterface. Bean already defined with the same name!
2019-04-25 00:26:14.364 WARN [main]org.mybatis.spring.mapper.ClassPathMapperScanner.warn:44 -Skipping MapperFactoryBean with name 'outStorageDetailMapper' and 'edu.uni.labManagement.mapper.OutStorageDetailMapper' mapperInterface. Bean already defined with the same name!
2019-04-25 00:26:14.364 WARN [main]org.mybatis.spring.mapper.ClassPathMapperScanner.warn:44 -Skipping MapperFactoryBean with name 'outStorageMapper' and 'edu.uni.labManagement.mapper.OutStorageMapper' mapperInterface. Bean already defined with the same name!
2019-04-25 00:26:14.364 WARN [main]org.mybatis.spring.mapper.ClassPathMapperScanner.warn:44 -Skipping MapperFactoryBean with name 'routineMaintenanceDetailMapper' and 'edu.uni.labManagement.mapper.RoutineMaintenanceDetailMapper' mapperInterface. Bean already defined with the same name!
2019-04-25 00:26:14.365 WARN [main]org.mybatis.spring.mapper.ClassPathMapperScanner.warn:44 -Skipping MapperFactoryBean with name 'routineMaintenanceMapper' and 'edu.uni.labManagement.mapper.RoutineMaintenanceMapper' mapperInterface. Bean already defined with the same name!
2019-04-25 00:26:14.365 WARN [main]org.mybatis.spring.mapper.ClassPathMapperScanner.warn:44 -No MyBatis mapper was found in '[edu.uni.*.mapper]' package. Please check your configuration.
2019-04-25 00:26:14.589 INFO [main]o.s.d.repository.config.RepositoryConfigurationDelegate.multipleStoresDetected:244 -Multiple Spring Data modules found, entering strict repository configuration mode!
2019-04-25 00:26:14.593 INFO [main]o.s.d.repository.config.RepositoryConfigurationDelegate.registerRepositoriesIn:126 -Bootstrapping Spring Data repositories in DEFAULT mode.
2019-04-25 00:26:14.694 INFO [main]o.s.d.repository.config.RepositoryConfigurationDelegate.registerRepositoriesIn:182 -Finished Spring Data repository scanning in 79ms. Found 0 repository interfaces.
2019-04-25 00:26:15.081 INFO [main]o.s.c.s.PostProcessorRegistrationDelegate$BeanPostProcessorChecker.postProcessAfterInitialization:330 -Bean 'druidConfiguration' of type [edu.uni.config.DruidConfiguration$$EnhancerBySpringCGLIB$$21215859] is not eligible for getting processed by all BeanPostProcessors (for example: not eligible for auto-proxying)
2019-04-25 00:26:15.193 INFO [main]o.s.c.s.PostProcessorRegistrationDelegate$BeanPostProcessorChecker.postProcessAfterInitialization:330 -Bean 'org.springframework.transaction.annotation.ProxyTransactionManagementConfiguration' of type [org.springframework.transaction.annotation.ProxyTransactionManagementConfiguration$$EnhancerBySpringCGLIB$$4627b00a] is not eligible for getting processed by all BeanPostProcessors (for example: not eligible for auto-proxying)
2019-04-25 00:26:17.979 INFO [main]o.s.scheduling.concurrent.ThreadPoolTaskExecutor.initialize:171 -Initializing ExecutorService 'applicationTaskExecutor'
2019-04-25 00:26:18.665 INFO [main]s.d.spring.web.plugins.DocumentationPluginsBootstrapper.start:120 -Context refreshed
2019-04-25 00:26:18.693 INFO [main]s.d.spring.web.plugins.DocumentationPluginsBootstrapper.start:123 -Found 1 custom documentation plugin(s)
2019-04-25 00:26:18.708 INFO [main]s.d.spring.web.scanners.ApiListingReferenceScanner.scan:41 -Scanning for api listing references
2019-04-25 00:26:18.912 INFO [main]edu.uni.labManagement.service.impl.testImplTest.logStarted:59 -Started testImplTest in 6.576 seconds (JVM running for 7.81)
2019-04-25 00:26:23.583 INFO [main]com.alibaba.druid.pool.DruidDataSource.init:922 -{dataSource-1} inited
2019-04-25 00:26:23.829 INFO [Thread-2]o.s.scheduling.concurrent.ThreadPoolTaskExecutor.shutdown:208 -Shutting down ExecutorService 'applicationTaskExecutor'
2019-04-25 00:26:23.866 INFO [Thread-2]com.alibaba.druid.pool.DruidDataSource.close:1817 -{dataSource-1} closed
2019-04-25 23:05:11.016 INFO [main]edu.uni.labManagement.service.impl.testImplTest.logStarting:50 -Starting testImplTest on sola with PID 20412 (started by Administrator in E:\JavaWeb\uniProject\uniProject\uni)
2019-04-25 23:05:11.019 INFO [main]edu.uni.labManagement.service.impl.testImplTest.logStartupProfileInfo:675 -No active profile set, falling back to default profiles: default
2019-04-25 23:05:13.273 WARN [main]org.mybatis.spring.mapper.ClassPathMapperScanner.warn:44 -Skipping MapperFactoryBean with name 'categoryMapper' and 'edu.uni.example.mapper.CategoryMapper' mapperInterface. Bean already defined with the same name!
2019-04-25 23:05:13.273 WARN [main]org.mybatis.spring.mapper.ClassPathMapperScanner.warn:44 -Skipping MapperFactoryBean with name 'productMapper' and 'edu.uni.example.mapper.ProductMapper' mapperInterface. Bean already defined with the same name!
2019-04-25 23:05:13.274 WARN [main]org.mybatis.spring.mapper.ClassPathMapperScanner.warn:44 -Skipping MapperFactoryBean with name 'deviceCategoryMapper' and 'edu.uni.labManagement.mapper.DeviceCategoryMapper' mapperInterface. Bean already defined with the same name!
2019-04-25 23:05:13.274 WARN [main]org.mybatis.spring.mapper.ClassPathMapperScanner.warn:44 -Skipping MapperFactoryBean with name 'deviceLendDetailMapper' and 'edu.uni.labManagement.mapper.DeviceLendDetailMapper' mapperInterface. Bean already defined with the same name!
2019-04-25 23:05:13.274 WARN [main]org.mybatis.spring.mapper.ClassPathMapperScanner.warn:44 -Skipping MapperFactoryBean with name 'deviceLendMapper' and 'edu.uni.labManagement.mapper.DeviceLendMapper' mapperInterface. Bean already defined with the same name!
2019-04-25 23:05:13.274 WARN [main]org.mybatis.spring.mapper.ClassPathMapperScanner.warn:44 -Skipping MapperFactoryBean with name 'deviceMapper' and 'edu.uni.labManagement.mapper.DeviceMapper' mapperInterface. Bean already defined with the same name!
2019-04-25 23:05:13.275 WARN [main]org.mybatis.spring.mapper.ClassPathMapperScanner.warn:44 -Skipping MapperFactoryBean with name 'deviceModelMapper' and 'edu.uni.labManagement.mapper.DeviceModelMapper' mapperInterface. Bean already defined with the same name!
2019-04-25 23:05:13.275 WARN [main]org.mybatis.spring.mapper.ClassPathMapperScanner.warn:44 -Skipping MapperFactoryBean with name 'deviceMoveInMapper' and 'edu.uni.labManagement.mapper.DeviceMoveInMapper' mapperInterface. Bean already defined with the same name!
2019-04-25 23:05:13.275 WARN [main]org.mybatis.spring.mapper.ClassPathMapperScanner.warn:44 -Skipping MapperFactoryBean with name 'deviceMoveOutMapper' and 'edu.uni.labManagement.mapper.DeviceMoveOutMapper' mapperInterface. Bean already defined with the same name!
2019-04-25 23:05:13.276 WARN [main]org.mybatis.spring.mapper.ClassPathMapperScanner.warn:44 -Skipping MapperFactoryBean with name 'deviceRepairApplyMapper' and 'edu.uni.labManagement.mapper.DeviceRepairApplyMapper' mapperInterface. Bean already defined with the same name!
2019-04-25 23:05:13.276 WARN [main]org.mybatis.spring.mapper.ClassPathMapperScanner.warn:44 -Skipping MapperFactoryBean with name 'deviceReturnDetailMapper' and 'edu.uni.labManagement.mapper.DeviceReturnDetailMapper' mapperInterface. Bean already defined with the same name!
2019-04-25 23:05:13.277 WARN [main]org.mybatis.spring.mapper.ClassPathMapperScanner.warn:44 -Skipping MapperFactoryBean with name 'deviceReturnMapper' and 'edu.uni.labManagement.mapper.DeviceReturnMapper' mapperInterface. Bean already defined with the same name!
2019-04-25 23:05:13.277 WARN [main]org.mybatis.spring.mapper.ClassPathMapperScanner.warn:44 -Skipping MapperFactoryBean with name 'deviceSlaveMapper' and 'edu.uni.labManagement.mapper.DeviceSlaveMapper' mapperInterface. Bean already defined with the same name!
2019-04-25 23:05:13.277 WARN [main]org.mybatis.spring.mapper.ClassPathMapperScanner.warn:44 -Skipping MapperFactoryBean with name 'equipmentModelBelongsMapper' and 'edu.uni.labManagement.mapper.EquipmentModelBelongsMapper' mapperInterface. Bean already defined with the same name!
2019-04-25 23:05:13.278 WARN [main]org.mybatis.spring.mapper.ClassPathMapperScanner.warn:44 -Skipping MapperFactoryBean with name 'inStorageDetailMapper' and 'edu.uni.labManagement.mapper.InStorageDetailMapper' mapperInterface. Bean already defined with the same name!
2019-04-25 23:05:13.279 WARN [main]org.mybatis.spring.mapper.ClassPathMapperScanner.warn:44 -Skipping MapperFactoryBean with name 'inStorageMapper' and 'edu.uni.labManagement.mapper.InStorageMapper' mapperInterface. Bean already defined with the same name!
2019-04-25 23:05:13.280 WARN [main]org.mybatis.spring.mapper.ClassPathMapperScanner.warn:44 -Skipping MapperFactoryBean with name 'labDeviceMapper' and 'edu.uni.labManagement.mapper.LabDeviceMapper' mapperInterface. Bean already defined with the same name!
2019-04-25 23:05:13.280 WARN [main]org.mybatis.spring.mapper.ClassPathMapperScanner.warn:44 -Skipping MapperFactoryBean with name 'labMapper' and 'edu.uni.labManagement.mapper.LabMapper' mapperInterface. Bean already defined with the same name!
2019-04-25 23:05:13.282 WARN [main]org.mybatis.spring.mapper.ClassPathMapperScanner.warn:44 -Skipping MapperFactoryBean with name 'maintenanceRecordsMapper' and 'edu.uni.labManagement.mapper.MaintenanceRecordsMapper' mapperInterface. Bean already defined with the same name!
2019-04-25 23:05:13.283 WARN [main]org.mybatis.spring.mapper.ClassPathMapperScanner.warn:44 -Skipping MapperFactoryBean with name 'outStorageDetailMapper' and 'edu.uni.labManagement.mapper.OutStorageDetailMapper' mapperInterface. Bean already defined with the same name!
2019-04-25 23:05:13.283 WARN [main]org.mybatis.spring.mapper.ClassPathMapperScanner.warn:44 -Skipping MapperFactoryBean with name 'outStorageMapper' and 'edu.uni.labManagement.mapper.OutStorageMapper' mapperInterface. Bean already defined with the same name!
2019-04-25 23:05:13.283 WARN [main]org.mybatis.spring.mapper.ClassPathMapperScanner.warn:44 -Skipping MapperFactoryBean with name 'routineMaintenanceDetailMapper' and 'edu.uni.labManagement.mapper.RoutineMaintenanceDetailMapper' mapperInterface. Bean already defined with the same name!
2019-04-25 23:05:13.283 WARN [main]org.mybatis.spring.mapper.ClassPathMapperScanner.warn:44 -Skipping MapperFactoryBean with name 'routineMaintenanceMapper' and 'edu.uni.labManagement.mapper.RoutineMaintenanceMapper' mapperInterface. Bean already defined with the same name!
2019-04-25 23:05:13.284 WARN [main]org.mybatis.spring.mapper.ClassPathMapperScanner.warn:44 -No MyBatis mapper was found in '[edu.uni.*.mapper]' package. Please check your configuration.
2019-04-25 23:05:13.559 INFO [main]o.s.d.repository.config.RepositoryConfigurationDelegate.multipleStoresDetected:244 -Multiple Spring Data modules found, entering strict repository configuration mode!
2019-04-25 23:05:13.564 INFO [main]o.s.d.repository.config.RepositoryConfigurationDelegate.registerRepositoriesIn:126 -Bootstrapping Spring Data repositories in DEFAULT mode.
2019-04-25 23:05:13.666 INFO [main]o.s.d.repository.config.RepositoryConfigurationDelegate.registerRepositoriesIn:182 -Finished Spring Data repository scanning in 75ms. Found 0 repository interfaces.
2019-04-25 23:05:14.119 INFO [main]o.s.c.s.PostProcessorRegistrationDelegate$BeanPostProcessorChecker.postProcessAfterInitialization:330 -Bean 'druidConfiguration' of type [edu.uni.config.DruidConfiguration$$EnhancerBySpringCGLIB$$49acafe8] is not eligible for getting processed by all BeanPostProcessors (for example: not eligible for auto-proxying)
2019-04-25 23:05:14.252 INFO [main]o.s.c.s.PostProcessorRegistrationDelegate$BeanPostProcessorChecker.postProcessAfterInitialization:330 -Bean 'org.springframework.transaction.annotation.ProxyTransactionManagementConfiguration' of type [org.springframework.transaction.annotation.ProxyTransactionManagementConfiguration$$EnhancerBySpringCGLIB$$6eb30799] is not eligible for getting processed by all BeanPostProcessors (for example: not eligible for auto-proxying)
2019-04-25 23:05:17.798 INFO [main]o.s.scheduling.concurrent.ThreadPoolTaskExecutor.initialize:171 -Initializing ExecutorService 'applicationTaskExecutor'
2019-04-25 23:05:18.650 INFO [main]s.d.spring.web.plugins.DocumentationPluginsBootstrapper.start:120 -Context refreshed
2019-04-25 23:05:18.688 INFO [main]s.d.spring.web.plugins.DocumentationPluginsBootstrapper.start:123 -Found 1 custom documentation plugin(s)
2019-04-25 23:05:18.706 INFO [main]s.d.spring.web.scanners.ApiListingReferenceScanner.scan:41 -Scanning for api listing references
2019-04-25 23:05:18.972 INFO [main]edu.uni.labManagement.service.impl.testImplTest.logStarted:59 -Started testImplTest in 8.851 seconds (JVM running for 11.298)
2019-04-25 23:05:20.978 INFO [main]com.alibaba.druid.pool.DruidDataSource.init:922 -{dataSource-1} inited
2019-04-25 23:05:21.279 INFO [Thread-2]o.s.scheduling.concurrent.ThreadPoolTaskExecutor.shutdown:208 -Shutting down ExecutorService 'applicationTaskExecutor'
2019-04-25 23:05:21.354 INFO [Thread-2]com.alibaba.druid.pool.DruidDataSource.close:1817 -{dataSource-1} closed
